<html>
<body>
<pre>
<h1>Vision2 Build Log</h1>
<h2>Project:</h2>
C:\Users\daxiguammm\Documents\task_4.uv2
Project File Date:  04/20/2020

<h2>Output:</h2>
Build target 'Target 1'
assembling RC2222.ASM...
F:\潘宗勇PANZONGYONG\课程课程课程课程课程\大二下下下下下\2微机\代码\RC2222.ASM(11): error A45: UNDEFINED SYMBOL (PASS-2)
Target not created
Build target 'Target 1'
assembling RC2222.ASM...
linking...
Program Size: data=8.0 xdata=0 code=415
creating hex file from "F:\潘宗勇PANZONGYONG\课程课程课程课程课程\大二下下下下下\2微机\实验\实验4\task_4"...
"F:\潘宗勇PANZONGYONG\课程课程课程课程课程\大二下下下下下\2微机\实验\实验4\task_4" - 0 Error(s), 0 Warning(s).
Build target 'Target 1'
assembling RC2222.ASM...
linking...
Program Size: data=8.0 xdata=0 code=415
creating hex file from "F:\潘宗勇PANZONGYONG\课程课程课程课程课程\大二下下下下下\2微机\实验\实验4\task_4"...
"F:\潘宗勇PANZONGYONG\课程课程课程课程课程\大二下下下下下\2微机\实验\实验4\task_4" - 0 Error(s), 0 Warning(s).
Build target 'Target 1'
linking...
Program Size: data=8.0 xdata=0 code=415
creating hex file from "F:\潘宗勇PANZONGYONG\课程课程课程课程课程\大二下下下下下\2微机\实验\实验4\task_4"...
"F:\潘宗勇PANZONGYONG\课程课程课程课程课程\大二下下下下下\2微机\实验\实验4\task_4" - 0 Error(s), 0 Warning(s).
Build target 'Target 1'
assembling RC2222.ASM...
linking...
Program Size: data=8.0 xdata=0 code=415
creating hex file from "F:\潘宗勇PANZONGYONG\课程课程课程课程课程\大二下下下下下\2微机\实验\实验4\task_4"...
"F:\潘宗勇PANZONGYONG\课程课程课程课程课程\大二下下下下下\2微机\实验\实验4\task_4" - 0 Error(s), 0 Warning(s).
Build target 'Target 1'
assembling RC2222.ASM...
linking...
Program Size: data=8.0 xdata=0 code=415
creating hex file from "F:\潘宗勇PANZONGYONG\课程课程课程课程课程\大二下下下下下\2微机\实验\实验4\task_4"...
"F:\潘宗勇PANZONGYONG\课程课程课程课程课程\大二下下下下下\2微机\实验\实验4\task_4" - 0 Error(s), 0 Warning(s).
Build target 'Target 1'
assembling RC2222.ASM...
F:\潘宗勇PANZONGYONG\课程课程课程课程课程\大二下下下下下\2微机\代码\RC2222.ASM(14): error A9: SYNTAX ERROR
F:\潘宗勇PANZONGYONG\课程课程课程课程课程\大二下下下下下\2微机\代码\RC2222.ASM(14): error A39: REGISTER OPERAND EXPECTED
Target not created
Build target 'Target 1'
assembling RC2222.ASM...
F:\潘宗勇PANZONGYONG\课程课程课程课程课程\大二下下下下下\2微机\代码\RC2222.ASM(14): error A39: REGISTER OPERAND EXPECTED
Target not created
Build target 'Target 1'
assembling RC2222.ASM...
F:\潘宗勇PANZONGYONG\课程课程课程课程课程\大二下下下下下\2微机\代码\RC2222.ASM(14): error A39: REGISTER OPERAND EXPECTED
Target not created
Build target 'Target 1'
assembling RC2222.ASM...
linking...
Program Size: data=8.0 xdata=0 code=418
creating hex file from "F:\潘宗勇PANZONGYONG\课程课程课程课程课程\大二下下下下下\2微机\实验\实验4\task_4"...
"F:\潘宗勇PANZONGYONG\课程课程课程课程课程\大二下下下下下\2微机\实验\实验4\task_4" - 0 Error(s), 0 Warning(s).
Build target 'Target 1'
assembling RC2222.ASM...
linking...
Program Size: data=8.0 xdata=0 code=420
creating hex file from "F:\潘宗勇PANZONGYONG\课程课程课程课程课程\大二下下下下下\2微机\实验\实验4\task_4"...
"F:\潘宗勇PANZONGYONG\课程课程课程课程课程\大二下下下下下\2微机\实验\实验4\task_4" - 0 Error(s), 0 Warning(s).
Build target 'Target 1'
assembling RC2222.ASM...
linking...
Program Size: data=8.0 xdata=0 code=420
creating hex file from "F:\潘宗勇PANZONGYONG\课程课程课程课程课程\大二下下下下下\2微机\实验\实验4\task_4"...
"F:\潘宗勇PANZONGYONG\课程课程课程课程课程\大二下下下下下\2微机\实验\实验4\task_4" - 0 Error(s), 0 Warning(s).
Build target 'Target 1'
assembling RC2222.ASM...
linking...
Program Size: data=8.0 xdata=0 code=420
creating hex file from "F:\潘宗勇PANZONGYONG\课程课程课程课程课程\大二下下下下下\2微机\实验\实验4\task_4"...
"F:\潘宗勇PANZONGYONG\课程课程课程课程课程\大二下下下下下\2微机\实验\实验4\task_4" - 0 Error(s), 0 Warning(s).
